<?xml version="1.0" encoding="UTF-8"?>
<!-- Generated by org.testng.reporters.JUnitReportReporter -->
<testsuite hostname="DESKTOP-UBPOGJ6" failures="0" tests="4" name="com.clarion.Clariontest.TestClarion" time="5.488" errors="0" timestamp="2020-09-08T01:21:16 IST" skipped="0">
  <testcase classname="com.clarion.Clariontest.TestClarion" name="testLoginFailureWhenUserDoesntProvideCredentials" time="0.580"/>
  <system-out/>
  <testcase classname="com.clarion.Clariontest.TestClarion" name="testLoginSuccessWhenUserProvidesCorrectUserCredentials" time="1.119"/>
  <system-out/>
  <testcase classname="com.clarion.Clariontest.TestClarion" name="testUserCanLogPromise" time="2.193"/>
  <system-out/>
  <testcase classname="com.clarion.Clariontest.TestClarion" name="verifyThatUserhasLogPromise" time="1.596"/>
  <system-out/>
</testsuite> <!-- com.clarion.Clariontest.TestClarion -->
